<?xml version="1.0" encoding="UTF-8"?>
<testng-results ignored="0" total="1" passed="1" failed="0" skipped="0">
  <reporter-output>
  </reporter-output>
  <suite started-at="2020-12-01T22:58:53 NZDT" name="Suite" finished-at="2020-12-01T22:58:56 NZDT" duration-ms="2922">
    <groups>
      <group name="cucumber">
        <method signature="kbCalAPITestMain.mainTest()[pri:0, instance:com.kbCalcAPI.Main.kbCalAPITestMain@5223e5ee]" name="mainTest" class="com.kbCalcAPI.Main.kbCalAPITestMain"/>
      </group> <!-- cucumber -->
    </groups>
    <test started-at="2020-12-01T22:58:53 NZDT" name="Test" finished-at="2020-12-01T22:58:56 NZDT" duration-ms="2922">
      <class name="com.kbCalcAPI.Main.kbCalAPITestMain">
        <test-method is-config="true" signature="beforeClass()[pri:0, instance:com.kbCalcAPI.Main.kbCalAPITestMain@5223e5ee]" started-at="2020-12-01T22:58:53 NZDT" name="beforeClass" finished-at="2020-12-01T22:58:54 NZDT" duration-ms="201" status="PASS">
          <reporter-output>
          </reporter-output>
        </test-method> <!-- beforeClass -->
        <test-method signature="mainTest()[pri:0, instance:com.kbCalcAPI.Main.kbCalAPITestMain@5223e5ee]" started-at="2020-12-01T22:58:54 NZDT" name="mainTest" description="Runs Cucumber Features" finished-at="2020-12-01T22:58:56 NZDT" duration-ms="2693" status="PASS">
          <reporter-output>
          </reporter-output>
        </test-method> <!-- mainTest -->
        <test-method is-config="true" signature="afterClass()[pri:0, instance:com.kbCalcAPI.Main.kbCalAPITestMain@5223e5ee]" started-at="2020-12-01T22:58:56 NZDT" name="afterClass" finished-at="2020-12-01T22:58:56 NZDT" duration-ms="0" status="PASS">
          <reporter-output>
          </reporter-output>
        </test-method> <!-- afterClass -->
      </class> <!-- com.kbCalcAPI.Main.kbCalAPITestMain -->
    </test> <!-- Test -->
  </suite> <!-- Suite -->
</testng-results>
